Flow report for mult
Tue Oct 15 14:10:15 2024
Quartus II 64-Bit Version 9.1 Build 222 10/21/2009 SJ Full Version


---------------------
; Table of Contents ;
---------------------
  1. Legal Notice
  2. Flow Summary
  3. Flow Settings
  4. Flow Non-Default Global Settings
  5. Flow Elapsed Time
  6. Flow OS Summary
  7. Flow Log



----------------
; Legal Notice ;
----------------
Copyright (C) 1991-2009 Altera Corporation
Your use of Altera Corporation's design tools, logic functions 
and other software and tools, and its AMPP partner logic 
functions, and any output files from any of the foregoing 
(including device programming or simulation files), and any 
associated documentation or information are expressly subject 
to the terms and conditions of the Altera Program License 
Subscription Agreement, Altera MegaCore Function License 
Agreement, or other applicable license agreement, including, 
without limitation, that your use is for the sole purpose of 
programming logic devices manufactured by Altera and sold by 
Altera or its authorized distributors.  Please refer to the 
applicable agreement for further details.



+--------------------------------------------------------------------------+
; Flow Summary                                                             ;
+-------------------------------+------------------------------------------+
; Flow Status                   ; Flow Failed - Tue Oct 15 14:10:15 2024   ;
; Quartus II 64-Bit Version     ; 9.1 Build 222 10/21/2009 SJ Full Version ;
; Revision Name                 ; mult                                     ;
; Top-level Entity Name         ; mult_register_param                      ;
; Family                        ; Stratix II                               ;
; Met timing requirements       ; N/A                                      ;
; Logic utilization             ; N/A                                      ;
;     Combinational ALUTs       ; 16                                       ;
;     Dedicated logic registers ; 32                                       ;
; Total registers               ; 32                                       ;
; Total pins                    ; 41                                       ;
; Total virtual pins            ; 0                                        ;
; Total block memory bits       ; 0                                        ;
; DSP block 9-bit elements      ; 1                                        ;
; Total PLLs                    ; 0                                        ;
; Total DLLs                    ; 0                                        ;
+-------------------------------+------------------------------------------+


+-----------------------------------------+
; Flow Settings                           ;
+-------------------+---------------------+
; Option            ; Setting             ;
+-------------------+---------------------+
; Start date & time ; 10/15/2024 14:10:14 ;
; Main task         ; Compilation         ;
; Revision Name     ; mult                ;
+-------------------+---------------------+


+-----------------------------------------------------------------------------------------------------------------------------------+
; Flow Non-Default Global Settings                                                                                                  ;
+------------------------------------+---------------------------------+---------------+---------------------+----------------------+
; Assignment Name                    ; Value                           ; Default Value ; Entity Name         ; Section Id           ;
+------------------------------------+---------------------------------+---------------+---------------------+----------------------+
; COMPILER_SIGNATURE_ID              ; 242035841962139.172897621441776 ; --            ; --                  ; --                   ;
; EDA_DESIGN_ENTRY_SYNTHESIS_TOOL    ; Design Compiler                 ; <None>        ; --                  ; --                   ;
; EDA_INPUT_DATA_FORMAT              ; Verilog Hdl                     ; --            ; --                  ; eda_design_synthesis ;
; EDA_INPUT_VCC_NAME                 ; Vdd                             ; --            ; --                  ; eda_design_synthesis ;
; EDA_LMF_FILE                       ; altsyn.lmf                      ; --            ; --                  ; eda_design_synthesis ;
; EDA_OUTPUT_DATA_FORMAT             ; Verilog Hdl                     ; --            ; --                  ; eda_simulation       ;
; EDA_OUTPUT_DATA_FORMAT             ; Verilog Hdl                     ; --            ; --                  ; eda_timing_analysis  ;
; EDA_SIMULATION_TOOL                ; ModelSim (Verilog)              ; <None>        ; --                  ; --                   ;
; EDA_TIME_SCALE                     ; 1 ps                            ; --            ; --                  ; eda_simulation       ;
; EDA_TIMING_ANALYSIS_TOOL           ; PrimeTime (Verilog)             ; <None>        ; --                  ; --                   ;
; PARTITION_COLOR                    ; 16764057                        ; --            ; mult_register_param ; Top                  ;
; PARTITION_NETLIST_TYPE             ; SOURCE                          ; --            ; mult_register_param ; Top                  ;
; TOP_LEVEL_ENTITY                   ; mult_register_param             ; mult          ; --                  ; --                   ;
; USE_GENERATED_PHYSICAL_CONSTRAINTS ; Off                             ; --            ; --                  ; eda_blast_fpga       ;
+------------------------------------+---------------------------------+---------------+---------------------+----------------------+


+--------------------------------------------------------------------------------------------------------------------------+
; Flow Elapsed Time                                                                                                        ;
+----------------------+--------------+-------------------------+---------------------+------------------------------------+
; Module Name          ; Elapsed Time ; Average Processors Used ; Peak Virtual Memory ; Total CPU Time (on all processors) ;
+----------------------+--------------+-------------------------+---------------------+------------------------------------+
; Analysis & Synthesis ; 00:00:00     ; 1.0                     ; 4419 MB             ; 00:00:00                           ;
; Fitter               ; 00:00:00     ; 1.0                     ; 4398 MB             ; 00:00:00                           ;
; Total                ; 00:00:00     ; --                      ; --                  ; 00:00:00                           ;
+----------------------+--------------+-------------------------+---------------------+------------------------------------+


+---------------------------------------------------------------------------------------+
; Flow OS Summary                                                                       ;
+----------------------+------------------+---------------+------------+----------------+
; Module Name          ; Machine Hostname ; OS Name       ; OS Version ; Processor type ;
+----------------------+------------------+---------------+------------+----------------+
; Analysis & Synthesis ; shtuka           ; Windows Vista ; 6.2        ; x86_64         ;
; Fitter               ; shtuka           ; Windows Vista ; 6.2        ; x86_64         ;
+----------------------+------------------+---------------+------------+----------------+


------------
; Flow Log ;
------------
quartus_map --read_settings_files=on --write_settings_files=off mult -c mult
quartus_fit --read_settings_files=off --write_settings_files=off mult -c mult



