Analysis & Synthesis report for mult
Tue Oct 15 14:10:14 2024
Quartus II 64-Bit Version 9.1 Build 222 10/21/2009 SJ Full Version


---------------------
; Table of Contents ;
---------------------
  1. Legal Notice
  2. Analysis & Synthesis Summary
  3. Analysis & Synthesis Settings
  4. Parallel Compilation
  5. Analysis & Synthesis Source Files Read
  6. Analysis & Synthesis Resource Usage Summary
  7. Analysis & Synthesis Resource Utilization by Entity
  8. Analysis & Synthesis DSP Block Usage Summary
  9. General Register Statistics
 10. Parameter Settings for Inferred Entity Instance: lpm_mult:Mult0
 11. lpm_mult Parameter Settings by Entity Instance
 12. Analysis & Synthesis Messages



----------------
; Legal Notice ;
----------------
Copyright (C) 1991-2009 Altera Corporation
Your use of Altera Corporation's design tools, logic functions 
and other software and tools, and its AMPP partner logic 
functions, and any output files from any of the foregoing 
(including device programming or simulation files), and any 
associated documentation or information are expressly subject 
to the terms and conditions of the Altera Program License 
Subscription Agreement, Altera MegaCore Function License 
Agreement, or other applicable license agreement, including, 
without limitation, that your use is for the sole purpose of 
programming logic devices manufactured by Altera and sold by 
Altera or its authorized distributors.  Please refer to the 
applicable agreement for further details.



+--------------------------------------------------------------------------+
; Analysis & Synthesis Summary                                             ;
+-------------------------------+------------------------------------------+
; Analysis & Synthesis Status   ; Successful - Tue Oct 15 14:10:14 2024    ;
; Quartus II 64-Bit Version     ; 9.1 Build 222 10/21/2009 SJ Full Version ;
; Revision Name                 ; mult                                     ;
; Top-level Entity Name         ; mult_register_param                      ;
; Family                        ; Stratix II                               ;
; Logic utilization             ; N/A                                      ;
;     Combinational ALUTs       ; 16                                       ;
;     Dedicated logic registers ; 32                                       ;
; Total registers               ; 32                                       ;
; Total pins                    ; 41                                       ;
; Total virtual pins            ; 0                                        ;
; Total block memory bits       ; 0                                        ;
; DSP block 9-bit elements      ; 1                                        ;
; Total PLLs                    ; 0                                        ;
; Total DLLs                    ; 0                                        ;
+-------------------------------+------------------------------------------+


+-----------------------------------------------------------------------------------------------------------------------+
; Analysis & Synthesis Settings                                                                                         ;
+----------------------------------------------------------------------------+---------------------+--------------------+
; Option                                                                     ; Setting             ; Default Value      ;
+----------------------------------------------------------------------------+---------------------+--------------------+
; Top-level entity name                                                      ; mult_register_param ; mult               ;
; Family name                                                                ; Stratix II          ; Stratix II         ;
; Type of Retiming Performed During Resynthesis                              ; Full                ;                    ;
; Resynthesis Optimization Effort                                            ; Normal              ;                    ;
; Physical Synthesis Level for Resynthesis                                   ; Normal              ;                    ;
; Use Generated Physical Constraints File                                    ; On                  ;                    ;
; Use smart compilation                                                      ; Off                 ; Off                ;
; Enable parallel Assembler and TimeQuest Timing Analyzer during compilation ; On                  ; On                 ;
; Enable compact report table                                                ; Off                 ; Off                ;
; Restructure Multiplexers                                                   ; Auto                ; Auto               ;
; Create Debugging Nodes for IP Cores                                        ; Off                 ; Off                ;
; Preserve fewer node names                                                  ; On                  ; On                 ;
; Disable OpenCore Plus hardware evaluation                                  ; Off                 ; Off                ;
; Verilog Version                                                            ; Verilog_2001        ; Verilog_2001       ;
; VHDL Version                                                               ; VHDL_1993           ; VHDL_1993          ;
; State Machine Processing                                                   ; Auto                ; Auto               ;
; Safe State Machine                                                         ; Off                 ; Off                ;
; Extract Verilog State Machines                                             ; On                  ; On                 ;
; Extract VHDL State Machines                                                ; On                  ; On                 ;
; Ignore Verilog initial constructs                                          ; Off                 ; Off                ;
; Iteration limit for constant Verilog loops                                 ; 5000                ; 5000               ;
; Iteration limit for non-constant Verilog loops                             ; 250                 ; 250                ;
; Add Pass-Through Logic to Inferred RAMs                                    ; On                  ; On                 ;
; Parallel Synthesis                                                         ; On                  ; On                 ;
; DSP Block Balancing                                                        ; Auto                ; Auto               ;
; NOT Gate Push-Back                                                         ; On                  ; On                 ;
; Power-Up Don't Care                                                        ; On                  ; On                 ;
; Remove Redundant Logic Cells                                               ; Off                 ; Off                ;
; Remove Duplicate Registers                                                 ; On                  ; On                 ;
; Ignore CARRY Buffers                                                       ; Off                 ; Off                ;
; Ignore CASCADE Buffers                                                     ; Off                 ; Off                ;
; Ignore GLOBAL Buffers                                                      ; Off                 ; Off                ;
; Ignore ROW GLOBAL Buffers                                                  ; Off                 ; Off                ;
; Ignore LCELL Buffers                                                       ; Off                 ; Off                ;
; Ignore SOFT Buffers                                                        ; On                  ; On                 ;
; Limit AHDL Integers to 32 Bits                                             ; Off                 ; Off                ;
; Optimization Technique                                                     ; Balanced            ; Balanced           ;
; Carry Chain Length                                                         ; 70                  ; 70                 ;
; Auto Carry Chains                                                          ; On                  ; On                 ;
; Auto Open-Drain Pins                                                       ; On                  ; On                 ;
; Perform WYSIWYG Primitive Resynthesis                                      ; Off                 ; Off                ;
; Auto ROM Replacement                                                       ; On                  ; On                 ;
; Auto RAM Replacement                                                       ; On                  ; On                 ;
; Auto DSP Block Replacement                                                 ; On                  ; On                 ;
; Auto Shift Register Replacement                                            ; Auto                ; Auto               ;
; Auto Clock Enable Replacement                                              ; On                  ; On                 ;
; Strict RAM Replacement                                                     ; Off                 ; Off                ;
; Allow Synchronous Control Signals                                          ; On                  ; On                 ;
; Force Use of Synchronous Clear Signals                                     ; Off                 ; Off                ;
; Auto RAM Block Balancing                                                   ; On                  ; On                 ;
; Auto RAM to Logic Cell Conversion                                          ; Off                 ; Off                ;
; Auto Resource Sharing                                                      ; Off                 ; Off                ;
; Allow Any RAM Size For Recognition                                         ; Off                 ; Off                ;
; Allow Any ROM Size For Recognition                                         ; Off                 ; Off                ;
; Allow Any Shift Register Size For Recognition                              ; Off                 ; Off                ;
; Use LogicLock Constraints during Resource Balancing                        ; On                  ; On                 ;
; Ignore translate_off and synthesis_off directives                          ; Off                 ; Off                ;
; Timing-Driven Synthesis                                                    ; Off                 ; Off                ;
; Show Parameter Settings Tables in Synthesis Report                         ; On                  ; On                 ;
; Ignore Maximum Fan-Out Assignments                                         ; Off                 ; Off                ;
; Synchronization Register Chain Length                                      ; 2                   ; 2                  ;
; PowerPlay Power Optimization                                               ; Normal compilation  ; Normal compilation ;
; HDL message level                                                          ; Level2              ; Level2             ;
; Suppress Register Optimization Related Messages                            ; Off                 ; Off                ;
; Number of Removed Registers Reported in Synthesis Report                   ; 100                 ; 100                ;
; Number of Inverted Registers Reported in Synthesis Report                  ; 100                 ; 100                ;
; Clock MUX Protection                                                       ; On                  ; On                 ;
; Auto Gated Clock Conversion                                                ; Off                 ; Off                ;
; Block Design Naming                                                        ; Auto                ; Auto               ;
; SDC constraint protection                                                  ; Off                 ; Off                ;
; Synthesis Effort                                                           ; Auto                ; Auto               ;
; Shift Register Replacement - Allow Asynchronous Clear Signal               ; On                  ; On                 ;
; Analysis & Synthesis Message Level                                         ; Medium              ; Medium             ;
; Disable Register Merging Across Hierarchies                                ; Auto                ; Auto               ;
; Resource Aware Inference For Block RAM                                     ; On                  ; On                 ;
+----------------------------------------------------------------------------+---------------------+--------------------+


+------------------------------------------+
; Parallel Compilation                     ;
+----------------------------+-------------+
; Processors                 ; Number      ;
+----------------------------+-------------+
; Number detected on machine ; 4           ;
; Maximum allowed            ; 4           ;
;                            ;             ;
; Average used               ; 1.00        ;
; Maximum used               ; 1           ;
;                            ;             ;
; Usage by Processor         ; % Time Used ;
;     1 processor            ; 100.0%      ;
;     2-4 processors         ;   0.0%      ;
+----------------------------+-------------+


+----------------------------------------------------------------------------------------------------------------------------------------------------------------------------------------+
; Analysis & Synthesis Source Files Read                                                                                                                                                 ;
+----------------------------------+-----------------+------------------------------+----------------------------------------------------------------------------------------------------+
; File Name with User-Entered Path ; Used in Netlist ; File Type                    ; File Name with Absolute Path                                                                       ;
+----------------------------------+-----------------+------------------------------+----------------------------------------------------------------------------------------------------+
; mult_register_param.sv           ; yes             ; User SystemVerilog HDL File  ; C:/Users/Alexander/Documents/GitHub/Student-2024/Quartus II/Zadanie_2/Dutov/mult_register_param.sv ;
; parameter.sv                     ; yes             ; User SystemVerilog HDL File  ; C:/Users/Alexander/Documents/GitHub/Student-2024/Quartus II/Zadanie_2/Dutov/parameter.sv           ;
; lpm_mult.tdf                     ; yes             ; Megafunction                 ; c:/altera/91/quartus/libraries/megafunctions/lpm_mult.tdf                                          ;
; db/mult_q6t.tdf                  ; yes             ; Auto-Generated Megafunction  ; C:/Users/Alexander/Documents/GitHub/Student-2024/Quartus II/Zadanie_2/Dutov/db/mult_q6t.tdf        ;
+----------------------------------+-----------------+------------------------------+----------------------------------------------------------------------------------------------------+


+-------------------------------------------------------+
; Analysis & Synthesis Resource Usage Summary           ;
+-----------------------------------------------+-------+
; Resource                                      ; Usage ;
+-----------------------------------------------+-------+
; Estimated ALUTs Used                          ; 16    ;
; Dedicated logic registers                     ; 32    ;
;                                               ;       ;
; Estimated ALUTs Unavailable                   ; 0     ;
;                                               ;       ;
; Total combinational functions                 ; 16    ;
; Combinational ALUT usage by number of inputs  ;       ;
;     -- 7 input functions                      ; 0     ;
;     -- 6 input functions                      ; 0     ;
;     -- 5 input functions                      ; 0     ;
;     -- 4 input functions                      ; 0     ;
;     -- <=3 input functions                    ; 16    ;
;                                               ;       ;
; Combinational ALUTs by mode                   ;       ;
;     -- normal mode                            ; 0     ;
;     -- extended LUT mode                      ; 0     ;
;     -- arithmetic mode                        ; 16    ;
;     -- shared arithmetic mode                 ; 0     ;
;                                               ;       ;
; Estimated ALUT/register pairs used            ; 32    ;
;                                               ;       ;
; Total registers                               ; 32    ;
;     -- Dedicated logic registers              ; 32    ;
;     -- I/O registers                          ; 0     ;
;                                               ;       ;
; Estimated ALMs:  partially or completely used ; 16    ;
;                                               ;       ;
; I/O pins                                      ; 41    ;
; DSP block 9-bit elements                      ; 1     ;
; Maximum fan-out node                          ; clk   ;
; Maximum fan-out                               ; 32    ;
; Total fan-out                                 ; 136   ;
; Average fan-out                               ; 1.49  ;
+-----------------------------------------------+-------+


+--------------------------------------------------------------------------------------------------------------------------------------------------------------------------------------------------------------------------------------------+
; Analysis & Synthesis Resource Utilization by Entity                                                                                                                                                                                        ;
+---------------------------------+-------------------+--------------+-------------------+--------------+---------+-----------+-----------+------+--------------+-------------------------------------------------------------+--------------+
; Compilation Hierarchy Node      ; LC Combinationals ; LC Registers ; Block Memory Bits ; DSP Elements ; DSP 9x9 ; DSP 18x18 ; DSP 36x36 ; Pins ; Virtual Pins ; Full Hierarchy Name                                         ; Library Name ;
+---------------------------------+-------------------+--------------+-------------------+--------------+---------+-----------+-----------+------+--------------+-------------------------------------------------------------+--------------+
; |mult_register_param            ; 16 (16)           ; 32 (32)      ; 0                 ; 1            ; 1       ; 0         ; 0         ; 41   ; 0            ; |mult_register_param                                        ; work         ;
;    |lpm_mult:Mult0|             ; 0 (0)             ; 0 (0)        ; 0                 ; 1            ; 1       ; 0         ; 0         ; 0    ; 0            ; |mult_register_param|lpm_mult:Mult0                         ;              ;
;       |mult_q6t:auto_generated| ; 0 (0)             ; 0 (0)        ; 0                 ; 1            ; 1       ; 0         ; 0         ; 0    ; 0            ; |mult_register_param|lpm_mult:Mult0|mult_q6t:auto_generated ;              ;
+---------------------------------+-------------------+--------------+-------------------+--------------+---------+-----------+-----------+------+--------------+-------------------------------------------------------------+--------------+
Note: For table entries with two numbers listed, the numbers in parentheses indicate the number of resources of the given type used by the specific entity alone. The numbers listed outside of parentheses indicate the total resources of the given type used by the specific entity and all of its sub-entities in the hierarchy.


+------------------------------------------------+
; Analysis & Synthesis DSP Block Usage Summary   ;
+----------------------------------+-------------+
; Statistic                        ; Number Used ;
+----------------------------------+-------------+
; Simple Multipliers (9-bit)       ; 1           ;
; Simple Multipliers (18-bit)      ; 0           ;
; Simple Multipliers (36-bit)      ; 0           ;
; Multiply Accumulators (18-bit)   ; 0           ;
; Two-Multipliers Adders (9-bit)   ; 0           ;
; Two-Multipliers Adders (18-bit)  ; 0           ;
; Four-Multipliers Adders (9-bit)  ; 0           ;
; Four-Multipliers Adders (18-bit) ; 0           ;
; Dynamic DSP Blocks               ; 0           ;
; DSP Blocks                       ; --          ;
; DSP Block 9-bit Elements         ; 1           ;
; Signed Multipliers               ; 0           ;
; Unsigned Multipliers             ; 1           ;
; Mixed Sign Multipliers           ; 0           ;
; Variable Sign Multipliers        ; 0           ;
; Dedicated Shift Register Chains  ; 0           ;
+----------------------------------+-------------+
Note: number of DSP Blocks used is only available after a successful fit.


+------------------------------------------------------+
; General Register Statistics                          ;
+----------------------------------------------+-------+
; Statistic                                    ; Value ;
+----------------------------------------------+-------+
; Total registers                              ; 32    ;
; Number of registers using Synchronous Clear  ; 0     ;
; Number of registers using Synchronous Load   ; 0     ;
; Number of registers using Asynchronous Clear ; 0     ;
; Number of registers using Asynchronous Load  ; 0     ;
; Number of registers using Clock Enable       ; 0     ;
; Number of registers using Preset             ; 0     ;
+----------------------------------------------+-------+


+-----------------------------------------------------------------------------------+
; Parameter Settings for Inferred Entity Instance: lpm_mult:Mult0                   ;
+------------------------------------------------+------------+---------------------+
; Parameter Name                                 ; Value      ; Type                ;
+------------------------------------------------+------------+---------------------+
; AUTO_CARRY_CHAINS                              ; ON         ; AUTO_CARRY          ;
; IGNORE_CARRY_BUFFERS                           ; OFF        ; IGNORE_CARRY        ;
; AUTO_CASCADE_CHAINS                            ; ON         ; AUTO_CASCADE        ;
; IGNORE_CASCADE_BUFFERS                         ; OFF        ; IGNORE_CASCADE      ;
; LPM_WIDTHA                                     ; 8          ; Untyped             ;
; LPM_WIDTHB                                     ; 8          ; Untyped             ;
; LPM_WIDTHP                                     ; 16         ; Untyped             ;
; LPM_WIDTHR                                     ; 16         ; Untyped             ;
; LPM_WIDTHS                                     ; 1          ; Untyped             ;
; LPM_REPRESENTATION                             ; UNSIGNED   ; Untyped             ;
; LPM_PIPELINE                                   ; 0          ; Untyped             ;
; LATENCY                                        ; 0          ; Untyped             ;
; INPUT_A_IS_CONSTANT                            ; NO         ; Untyped             ;
; INPUT_B_IS_CONSTANT                            ; NO         ; Untyped             ;
; USE_EAB                                        ; OFF        ; Untyped             ;
; MAXIMIZE_SPEED                                 ; 5          ; Untyped             ;
; DEVICE_FAMILY                                  ; Stratix II ; Untyped             ;
; CARRY_CHAIN                                    ; MANUAL     ; Untyped             ;
; APEX20K_TECHNOLOGY_MAPPER                      ; LUT        ; TECH_MAPPER_APEX20K ;
; DEDICATED_MULTIPLIER_CIRCUITRY                 ; AUTO       ; Untyped             ;
; DEDICATED_MULTIPLIER_MIN_INPUT_WIDTH_FOR_AUTO  ; 0          ; Untyped             ;
; DEDICATED_MULTIPLIER_MIN_OUTPUT_WIDTH_FOR_AUTO ; 0          ; Untyped             ;
; CBXI_PARAMETER                                 ; mult_q6t   ; Untyped             ;
; INPUT_A_FIXED_VALUE                            ; Bx         ; Untyped             ;
; INPUT_B_FIXED_VALUE                            ; Bx         ; Untyped             ;
; USE_AHDL_IMPLEMENTATION                        ; OFF        ; Untyped             ;
+------------------------------------------------+------------+---------------------+
Note: In order to hide this table in the UI and the text report file, please set the "Show Parameter Settings Tables in Synthesis Report" option in "Analysis and Synthesis Settings -> More Settings" to "Off".


+--------------------------------------------------------+
; lpm_mult Parameter Settings by Entity Instance         ;
+---------------------------------------+----------------+
; Name                                  ; Value          ;
+---------------------------------------+----------------+
; Number of entity instances            ; 1              ;
; Entity Instance                       ; lpm_mult:Mult0 ;
;     -- LPM_WIDTHA                     ; 8              ;
;     -- LPM_WIDTHB                     ; 8              ;
;     -- LPM_WIDTHP                     ; 16             ;
;     -- LPM_REPRESENTATION             ; UNSIGNED       ;
;     -- INPUT_A_IS_CONSTANT            ; NO             ;
;     -- INPUT_B_IS_CONSTANT            ; NO             ;
;     -- USE_EAB                        ; OFF            ;
;     -- DEDICATED_MULTIPLIER_CIRCUITRY ; AUTO           ;
;     -- INPUT_A_FIXED_VALUE            ; Bx             ;
;     -- INPUT_B_FIXED_VALUE            ; Bx             ;
+---------------------------------------+----------------+


+-------------------------------+
; Analysis & Synthesis Messages ;
+-------------------------------+
Info: *******************************************************************
Info: Running Quartus II 64-Bit Analysis & Synthesis
    Info: Version 9.1 Build 222 10/21/2009 SJ Full Version
    Info: Processing started: Tue Oct 15 14:10:14 2024
Info: Command: quartus_map --read_settings_files=on --write_settings_files=off mult -c mult
Info: Parallel compilation is enabled and will use 4 of the 4 processors detected
Info: Found 1 design units, including 1 entities, in source file d_trigger.sv
    Info: Found entity 1: d_trigger
Info: Found 1 design units, including 1 entities, in source file mult.sv
    Info: Found entity 1: mult
Info: Found 1 design units, including 1 entities, in source file mult_register.sv
    Info: Found entity 1: mult_register
Info: Found 1 design units, including 1 entities, in source file mult_register_param.sv
    Info: Found entity 1: mult_register_param
Info: Found 0 design units, including 0 entities, in source file parameter.sv
Info: Elaborating entity "mult_register_param" for the top level hierarchy
Info: Inferred 1 megafunctions from design logic
    Info: Inferred multiplier megafunction ("lpm_mult") from the following logic: "Mult0"
Info: Elaborated megafunction instantiation "lpm_mult:Mult0"
Info: Instantiated megafunction "lpm_mult:Mult0" with the following parameter:
    Info: Parameter "LPM_WIDTHA" = "8"
    Info: Parameter "LPM_WIDTHB" = "8"
    Info: Parameter "LPM_WIDTHP" = "16"
    Info: Parameter "LPM_WIDTHR" = "16"
    Info: Parameter "LPM_WIDTHS" = "1"
    Info: Parameter "LPM_REPRESENTATION" = "UNSIGNED"
    Info: Parameter "INPUT_A_IS_CONSTANT" = "NO"
    Info: Parameter "INPUT_B_IS_CONSTANT" = "NO"
    Info: Parameter "MAXIMIZE_SPEED" = "5"
Info: Found 1 design units, including 1 entities, in source file db/mult_q6t.tdf
    Info: Found entity 1: mult_q6t
Info: Implemented 74 device resources after synthesis - the final resource count might be different
    Info: Implemented 25 input pins
    Info: Implemented 16 output pins
    Info: Implemented 32 logic cells
    Info: Implemented 1 DSP elements
Info: Quartus II 64-Bit Analysis & Synthesis was successful. 0 errors, 0 warnings
    Info: Peak virtual memory: 4420 megabytes
    Info: Processing ended: Tue Oct 15 14:10:14 2024
    Info: Elapsed time: 00:00:00
    Info: Total CPU time (on all processors): 00:00:00


